2023-09-19 17:17:10,685 - INFO - Names without special characters ['Abwoga', 'Adrian', 'Jared', 'Paul']
2023-09-19 17:17:10,686 - INFO - Emails created for 3B: apaul@gmail.com
2023-09-19 17:17:10,686 - INFO - Names without special characters ['Akongo', 'Shanelle', 'Hilda', 'Anyango']
2023-09-19 17:17:10,686 - INFO - Emails created for 3B: aanyango@gmail.com
2023-09-19 17:17:10,686 - INFO - Names without special characters ['Angedu', 'Jude', 'Ocomil']
2023-09-19 17:17:10,686 - INFO - Emails created for 3B: aocomil@gmail.com
2023-09-19 17:17:10,686 - INFO - Names without special characters ['Arunga', 'Kyla', 'Neema']
2023-09-19 17:17:10,686 - INFO - Emails created for 3B: aneema@gmail.com
2023-09-19 17:17:10,686 - INFO - Names without special characters ['Atenya', 'Anthony', 'Magunga', 'Ikobwa']
2023-09-19 17:17:10,686 - INFO - Emails created for 3B: aikobwa@gmail.com
2023-09-19 17:17:10,686 - INFO - Names without special characters ['Budembeshe', 'Moses', 'Kasuni']
2023-09-19 17:17:10,686 - INFO - Emails created for 3B: bkasuni@gmail.com
2023-09-19 17:17:10,687 - INFO - Names without special characters ['Dessalegn', 'Kalid', 'Geleta']
2023-09-19 17:17:10,687 - INFO - Emails created for 3B: dgeleta@gmail.com
2023-09-19 17:17:10,687 - INFO - Names without special characters ['Epetet', 'Keith', 'Lokwei']
2023-09-19 17:17:10,687 - INFO - Emails created for 3B: elokwei@gmail.com
2023-09-19 17:17:10,687 - INFO - Names without special characters ['Ger', 'David', 'Otieno']
2023-09-19 17:17:10,687 - INFO - Emails created for 3B: gotieno@gmail.com
2023-09-19 17:17:10,687 - INFO - Names without special characters ['Githinji', 'Don', 'Moses', 'Thigiti']
2023-09-19 17:17:10,687 - INFO - Emails created for 3B: gthigiti@gmail.com
2023-09-19 17:17:10,687 - INFO - Names without special characters ['Haji', 'Ashir', 'Ali']
2023-09-19 17:17:10,687 - INFO - Emails created for 3B: hali@gmail.com
2023-09-19 17:17:10,687 - INFO - Names without special characters ['Hassan', 'Fardowsa', 'Abduhakim']
2023-09-19 17:17:10,687 - INFO - Emails created for 3B: habduhakim@gmail.com
2023-09-19 17:17:10,687 - INFO - Names without special characters ['Ismail', 'Ruweida', 'Ali']
2023-09-19 17:17:10,687 - INFO - Emails created for 3B: iali@gmail.com
2023-09-19 17:17:10,687 - INFO - Names without special characters ['Johnson', 'Myles', 'Adebayo']
2023-09-19 17:17:10,687 - INFO - Emails created for 3B: jadebayo@gmail.com
2023-09-19 17:17:10,687 - INFO - Names without special characters ['Kamau', 'Ann', 'Mumbi']
2023-09-19 17:17:10,687 - INFO - Emails created for 3B: kmumbi@gmail.com
2023-09-19 17:17:10,687 - INFO - Names without special characters ['Kangethe', 'Sharon', 'Wanjiru']
2023-09-19 17:17:10,687 - INFO - Emails created for 3B: kwanjiru@gmail.com
2023-09-19 17:17:10,687 - INFO - Names without special characters ['Karanu', 'Neema', 'Muthoni']
2023-09-19 17:17:10,687 - INFO - Emails created for 3B: kmuthoni@gmail.com
2023-09-19 17:17:10,688 - INFO - Names without special characters ['Kiarie', 'Samuel', 'Ndungu']
2023-09-19 17:17:10,688 - INFO - Emails created for 3B: kndungu@gmail.com
2023-09-19 17:17:10,688 - INFO - Names without special characters ['Kihara', 'Shannon', 'Kendi']
2023-09-19 17:17:10,688 - INFO - Emails created for 3B: kkendi@gmail.com
2023-09-19 17:17:10,688 - INFO - Names without special characters ['Kimutai', 'Peter', 'Kibet']
2023-09-19 17:17:10,688 - INFO - Emails created for 3B: kkibet@gmail.com
2023-09-19 17:17:10,688 - INFO - Names without special characters ['Kinyua', 'Victor', 'Mfana']
2023-09-19 17:17:10,688 - INFO - Emails created for 3B: kmfana@gmail.com
2023-09-19 17:17:10,688 - INFO - Names without special characters ['Kirema', 'Ian', 'Muteithia']
2023-09-19 17:17:10,688 - INFO - Emails created for 3B: kmuteithia@gmail.com
2023-09-19 17:17:10,688 - INFO - Names without special characters ['Kithae', 'Eric', 'Muriithi']
2023-09-19 17:17:10,688 - INFO - Emails created for 3B: kmuriithi@gmail.com
2023-09-19 17:17:10,688 - INFO - Names without special characters ['Korir', 'Kevin', 'Kimutai']
2023-09-19 17:17:10,688 - INFO - Emails created for 3B: kkimutai@gmail.com
2023-09-19 17:17:10,688 - INFO - Names without special characters ['Kwoba', 'Alex', 'Wafula']
2023-09-19 17:17:10,688 - INFO - Emails created for 3B: kwafula@gmail.com
2023-09-19 17:17:10,688 - INFO - Names without special characters ['Maritim', 'Kelvin', 'Kipngeno']
2023-09-19 17:17:10,688 - INFO - Emails created for 3B: mkipngeno@gmail.com
2023-09-19 17:17:10,688 - INFO - Names without special characters ['Masaka', 'Zivai', 'Takadiwa', 'David']
2023-09-19 17:17:10,688 - INFO - Emails created for 3B: mdavid@gmail.com
2023-09-19 17:17:10,688 - INFO - Names without special characters ['Mohamed', 'Ally', 'Mahamud']
2023-09-19 17:17:10,689 - INFO - Emails created for 3B: mmahamud@gmail.com
2023-09-19 17:17:10,689 - INFO - Names without special characters ['Morekwa', 'David', 'Nyamongo']
2023-09-19 17:17:10,689 - INFO - Emails created for 3B: mnyamongo@gmail.com
2023-09-19 17:17:10,689 - INFO - Names without special characters ['Mugambi', 'Kelvin', 'Karani']
2023-09-19 17:17:10,689 - INFO - Emails created for 3B: mkarani@gmail.com
2023-09-19 17:17:10,689 - INFO - Names without special characters ['Muhia', 'Victor', 'Mwaura']
2023-09-19 17:17:10,689 - INFO - Emails created for 3B: mmwaura@gmail.com
2023-09-19 17:17:10,689 - INFO - Names without special characters ['Muiyuro', 'Natasha', 'Waithira']
2023-09-19 17:17:10,689 - INFO - Emails created for 3B: mwaithira@gmail.com
2023-09-19 17:17:10,689 - INFO - Names without special characters ['Muli', 'Grace', 'Kanini']
2023-09-19 17:17:10,689 - INFO - Emails created for 3B: mkanini@gmail.com
2023-09-19 17:17:10,689 - INFO - Names without special characters ['Muroki', 'Mark', 'Gichuhi']
2023-09-19 17:17:10,689 - INFO - Emails created for 3B: mgichuhi@gmail.com
2023-09-19 17:17:10,689 - INFO - Names without special characters ['Mutaki', 'Ruby', 'Mbete']
2023-09-19 17:17:10,689 - INFO - Emails created for 3B: mmbete@gmail.com
2023-09-19 17:17:10,689 - INFO - Names without special characters ['Mutua', 'Franklin', 'Karanja']
2023-09-19 17:17:10,689 - INFO - Emails created for 3B: mkaranja@gmail.com
2023-09-19 17:17:10,689 - INFO - Names without special characters ['Mutunga', 'Eric', 'Kiamba']
2023-09-19 17:17:10,689 - INFO - Emails created for 3B: mkiamba@gmail.com
2023-09-19 17:17:10,689 - INFO - Names without special characters ['Mutunga', 'Patience', 'Kamanthe']
2023-09-19 17:17:10,689 - INFO - Emails created for 3B: mkamanthe@gmail.com
2023-09-19 17:17:10,689 - INFO - Names without special characters ['Mwanda', 'George', 'Josiah']
2023-09-19 17:17:10,689 - INFO - Emails created for 3B: mjosiah@gmail.com
2023-09-19 17:17:10,690 - INFO - Names without special characters ['Nabaala', 'Andrew', 'Kasaine']
2023-09-19 17:17:10,690 - INFO - Emails created for 3B: nkasaine@gmail.com
2023-09-19 17:17:10,690 - INFO - Names without special characters ['Naibei', 'Monicah']
2023-09-19 17:17:10,690 - INFO - Emails created for 3B: nmonicah@gmail.com
2023-09-19 17:17:10,690 - INFO - Names without special characters ['Ndambiri', 'Yvonne', 'Nyambura']
2023-09-19 17:17:10,690 - INFO - Emails created for 3B: nnyambura@gmail.com
2023-09-19 17:17:10,690 - INFO - Names without special characters ['Ndungu', 'Sarah', 'Laura', 'Wangari']
2023-09-19 17:17:10,690 - INFO - Emails created for 3B: nwangari@gmail.com
2023-09-19 17:17:10,690 - INFO - Names without special characters ['Nganga', 'Ian', 'Mutuge']
2023-09-19 17:17:10,690 - INFO - Emails created for 3B: nmutuge@gmail.com
2023-09-19 17:17:10,690 - INFO - Names without special characters ['Ngeno', 'Alvin', 'Kipkurui']
2023-09-19 17:17:10,690 - INFO - Emails created for 3B: nkipkurui@gmail.com
2023-09-19 17:17:10,690 - INFO - Names without special characters ['Ngigi', 'Michael', 'Macharia']
2023-09-19 17:17:10,690 - INFO - Emails created for 3B: nmacharia@gmail.com
2023-09-19 17:17:10,690 - INFO - Names without special characters ['Njuguna', 'Elizabeth', 'Njoki']
2023-09-19 17:17:10,690 - INFO - Emails created for 3B: nnjoki@gmail.com
2023-09-19 17:17:10,691 - INFO - Names without special characters ['Nugi', 'Andrew', 'Kiarie']
2023-09-19 17:17:10,691 - INFO - Emails created for 3B: nkiarie@gmail.com
2023-09-19 17:17:10,691 - INFO - Names without special characters ['Nyambura', 'Erica']
2023-09-19 17:17:10,691 - INFO - Emails created for 3B: nerica@gmail.com
2023-09-19 17:17:10,691 - INFO - Names without special characters ['Nzioki', 'Maureen', 'Mutete']
2023-09-19 17:17:10,691 - INFO - Emails created for 3B: nmutete@gmail.com
2023-09-19 17:17:10,691 - INFO - Names without special characters ['Ochanda', 'Steven', 'Joel', 'Jona']
2023-09-19 17:17:10,691 - INFO - Emails created for 3B: ojona@gmail.com
2023-09-19 17:17:10,691 - INFO - Names without special characters ['Ogutu', 'Brenda', 'Mary', 'Anyango']
2023-09-19 17:17:10,691 - INFO - Emails created for 3B: oanyango@gmail.com
2023-09-19 17:17:10,691 - INFO - Names without special characters ['Ombeni', 'Mwenzangu', 'Faraja']
2023-09-19 17:17:10,691 - INFO - Emails created for 3B: ofaraja@gmail.com
2023-09-19 17:17:10,692 - INFO - Names without special characters ['Ombongi', 'Caleb', 'Magare']
2023-09-19 17:17:10,692 - INFO - Emails created for 3B: omagare@gmail.com
2023-09-19 17:17:10,692 - INFO - Names without special characters ['Orony', 'Charis', 'Ngwono']
2023-09-19 17:17:10,692 - INFO - Emails created for 3B: ongwono@gmail.com
2023-09-19 17:17:10,692 - INFO - Names without special characters ['Owens', 'Nicole', 'Owens']
2023-09-19 17:17:10,692 - INFO - Emails created for 3B: oowens@gmail.com
2023-09-19 17:17:10,692 - INFO - Names without special characters ['Patel', 'Jay', 'Hirji']
2023-09-19 17:17:10,692 - INFO - Emails created for 3B: phirji@gmail.com
2023-09-19 17:17:10,692 - INFO - Names without special characters ['Tonui', 'Martin']
2023-09-19 17:17:10,692 - INFO - Emails created for 3B: tmartin@gmail.com
2023-09-19 17:17:10,692 - INFO - Names without special characters ['Tum', 'Bramwel', 'Kipchirchir']
2023-09-19 17:17:10,692 - INFO - Emails created for 3B: tkipchirchir@gmail.com
2023-09-19 17:17:10,692 - INFO - Names without special characters ['Wachira', 'Joy', 'Muthoni']
2023-09-19 17:17:10,692 - INFO - Emails created for 3B: wmuthoni@gmail.com
2023-09-19 17:17:10,692 - INFO - Names without special characters ['Wakaba', 'Rosemary', 'Njeri']
2023-09-19 17:17:10,692 - INFO - Emails created for 3B: wnjeri@gmail.com
2023-09-19 17:17:10,692 - INFO - Names without special characters ['Wanjao', 'Louis', 'Mbugua']
2023-09-19 17:17:10,692 - INFO - Emails created for 3B: wmbugua@gmail.com
2023-09-19 17:17:10,692 - INFO - Names without special characters ['Waweru', 'Monika', 'Ngendo']
2023-09-19 17:17:10,692 - INFO - Emails created for 3B: wngendo@gmail.com
2023-09-19 17:17:10,693 - INFO - Names without special characters ['Waweru', 'Trevor', 'Kariuki']
2023-09-19 17:17:10,693 - INFO - Emails created for 3B: wkariuki@gmail.com
2023-09-19 17:17:41,922 - INFO - Names without special characters ['Adhiambo', 'Jane', 'Daisy']
2023-09-19 17:17:41,923 - INFO - Emails created for 3C: adaisy@gmail.com
2023-09-19 17:17:41,923 - INFO - Names without special characters ['Ali', 'Sumeiya', 'Abdulle', 'Abdirizak']
2023-09-19 17:17:41,923 - INFO - Emails created for 3C: aabdirizak@gmail.com
2023-09-19 17:17:41,923 - INFO - Names without special characters ['Asava', 'Wayne', 'Majani']
2023-09-19 17:17:41,923 - INFO - Emails created for 3C: amajani@gmail.com
2023-09-19 17:17:41,923 - INFO - Names without special characters ['Barasa', 'Michelle', 'Nekesa']
2023-09-19 17:17:41,923 - INFO - Emails created for 3C: bnekesa@gmail.com
2023-09-19 17:17:41,923 - INFO - Names without special characters ['Bigingi', 'Ian', 'Duncan']
2023-09-19 17:17:41,923 - INFO - Emails created for 3C: bduncan@gmail.com
2023-09-19 17:17:41,924 - INFO - Names without special characters ['Cheboi', 'Lormotum', 'Noel']
2023-09-19 17:17:41,924 - INFO - Emails created for 3C: cnoel@gmail.com
2023-09-19 17:17:41,924 - INFO - Names without special characters ['Dulo', 'Humphrey', 'James']
2023-09-19 17:17:41,924 - INFO - Emails created for 3C: djames@gmail.com
2023-09-19 17:17:41,924 - INFO - Names without special characters ['Etemesi', 'Caleb', 'Asira']
2023-09-19 17:17:41,924 - INFO - Emails created for 3C: easira@gmail.com
2023-09-19 17:17:41,924 - INFO - Names without special characters ['Frances', 'Ayango']
2023-09-19 17:17:41,924 - INFO - Emails created for 3C: fayango@gmail.com
2023-09-19 17:17:41,924 - INFO - Names without special characters ['Gitau', 'Sandra', 'Wanjiru']
2023-09-19 17:17:41,924 - INFO - Emails created for 3C: gwanjiru@gmail.com
2023-09-19 17:17:41,924 - INFO - Names without special characters ['Hassan', 'Masoud', 'Ali']
2023-09-19 17:17:41,924 - INFO - Emails created for 3C: hali@gmail.com
2023-09-19 17:17:41,924 - INFO - Names without special characters ['Kabui', 'Michelle', 'Miceere']
2023-09-19 17:17:41,924 - INFO - Emails created for 3C: kmiceere@gmail.com
2023-09-19 17:17:41,924 - INFO - Names without special characters ['Kamau', 'Edinah', 'Nyambura']
2023-09-19 17:17:41,924 - INFO - Emails created for 3C: knyambura@gmail.com
2023-09-19 17:17:41,924 - INFO - Names without special characters ['Kamau', 'Jesse', 'Mbugua']
2023-09-19 17:17:41,924 - INFO - Emails created for 3C: kmbugua@gmail.com
2023-09-19 17:17:41,925 - INFO - Names without special characters ['Karani', 'Amanda', 'Ngendo']
2023-09-19 17:17:41,925 - INFO - Emails created for 3C: kngendo@gmail.com
2023-09-19 17:17:41,925 - INFO - Names without special characters ['Kathurima', 'Ryan', 'Kinoti']
2023-09-19 17:17:41,925 - INFO - Emails created for 3C: kkinoti@gmail.com
2023-09-19 17:17:41,925 - INFO - Names without special characters ['Kennedy', 'Angel', 'Venoliah']
2023-09-19 17:17:41,925 - INFO - Emails created for 3C: kvenoliah@gmail.com
2023-09-19 17:17:41,925 - INFO - Names without special characters ['Kiilu', 'Jeff', 'Kioko']
2023-09-19 17:17:41,925 - INFO - Emails created for 3C: kkioko@gmail.com
2023-09-19 17:17:41,925 - INFO - Names without special characters ['Kiiru', 'Cynthia', 'Everlyn', 'Muthoni']
2023-09-19 17:17:41,925 - INFO - Emails created for 3C: kmuthoni@gmail.com
2023-09-19 17:17:41,925 - INFO - Names without special characters ['Kimani', 'Alex', 'Mwangi']
2023-09-19 17:17:41,925 - INFO - Emails created for 3C: kmwangi@gmail.com
2023-09-19 17:17:41,925 - INFO - Names without special characters ['Kinegeni', 'Terry']
2023-09-19 17:17:41,925 - INFO - Emails created for 3C: kterry@gmail.com
2023-09-19 17:17:41,925 - INFO - Names without special characters ['Kyalo', 'Felicia', 'Mutheu']
2023-09-19 17:17:41,925 - INFO - Emails created for 3C: kmutheu@gmail.com
2023-09-19 17:17:41,925 - INFO - Names without special characters ['Leting', 'Sylvester', 'Kiplagat']
2023-09-19 17:17:41,925 - INFO - Emails created for 3C: lkiplagat@gmail.com
2023-09-19 17:17:41,925 - INFO - Names without special characters ['Lihanda', 'Glen', 'Musa']
2023-09-19 17:17:41,925 - INFO - Emails created for 3C: lmusa@gmail.com
2023-09-19 17:17:41,926 - INFO - Names without special characters ['Mahia', 'Jerome', 'Kamau']
2023-09-19 17:17:41,926 - INFO - Emails created for 3C: mkamau@gmail.com
2023-09-19 17:17:41,926 - INFO - Names without special characters ['Mbugua', 'Nathan', 'Ngethe']
2023-09-19 17:17:41,926 - INFO - Emails created for 3C: mngethe@gmail.com
2023-09-19 17:17:41,926 - INFO - Names without special characters ['Mbwanga', 'Emmanuel', 'Chivunira']
2023-09-19 17:17:41,926 - INFO - Emails created for 3C: mchivunira@gmail.com
2023-09-19 17:17:41,926 - INFO - Names without special characters ['Moire', 'Henry', 'Nyakundi']
2023-09-19 17:17:41,926 - INFO - Emails created for 3C: mnyakundi@gmail.com
2023-09-19 17:17:41,926 - INFO - Names without special characters ['Morara', 'Keith', 'Matwere']
2023-09-19 17:17:41,926 - INFO - Emails created for 3C: mmatwere@gmail.com
2023-09-19 17:17:41,926 - INFO - Names without special characters ['Muchiri', 'Lynn', 'Wairimu']
2023-09-19 17:17:41,926 - INFO - Emails created for 3C: mwairimu@gmail.com
2023-09-19 17:17:41,926 - INFO - Names without special characters ['Mugendi', 'Emmanuel', 'Muthomi']
2023-09-19 17:17:41,926 - INFO - Emails created for 3C: mmuthomi@gmail.com
2023-09-19 17:17:41,926 - INFO - Names without special characters ['Mukiri', 'Maryanne', 'Wanjiku']
2023-09-19 17:17:41,926 - INFO - Emails created for 3C: mwanjiku@gmail.com
2023-09-19 17:17:41,926 - INFO - Names without special characters ['Mungai', 'Kihanya']
2023-09-19 17:17:41,926 - INFO - Emails created for 3C: mkihanya@gmail.com
2023-09-19 17:17:41,926 - INFO - Names without special characters ['Musyoka', 'Brian', 'Kioko']
2023-09-19 17:17:41,926 - INFO - Emails created for 3C: mkioko@gmail.com
2023-09-19 17:17:41,926 - INFO - Names without special characters ['Mutende', 'Arabella', 'Fanisheba']
2023-09-19 17:17:41,927 - INFO - Emails created for 3C: mfanisheba@gmail.com
2023-09-19 17:17:41,927 - INFO - Names without special characters ['Mutinda', 'Bryan', 'Lwaya']
2023-09-19 17:17:41,927 - INFO - Emails created for 3C: mlwaya@gmail.com
2023-09-19 17:17:41,927 - INFO - Names without special characters ['Mwago', 'Megan', 'Dette']
2023-09-19 17:17:41,927 - INFO - Emails created for 3C: mdette@gmail.com
2023-09-19 17:17:41,927 - INFO - Names without special characters ['Mwai', 'David', 'King']
2023-09-19 17:17:41,927 - INFO - Emails created for 3C: mking@gmail.com
2023-09-19 17:17:41,927 - INFO - Names without special characters ['Nalugala', 'Venessa', 'Chebukwa']
2023-09-19 17:17:41,927 - INFO - Emails created for 3C: nchebukwa@gmail.com
2023-09-19 17:17:41,927 - INFO - Names without special characters ['Ndirangu', 'Denise', 'Nyambura']
2023-09-19 17:17:41,927 - INFO - Emails created for 3C: nnyambura@gmail.com
2023-09-19 17:17:41,927 - INFO - Names without special characters ['Ngahu', 'David', 'Gitonga']
2023-09-19 17:17:41,927 - INFO - Emails created for 3C: ngitonga@gmail.com
2023-09-19 17:17:41,927 - INFO - Names without special characters ['Ngari', 'Sifa', 'Gathoni']
2023-09-19 17:17:41,927 - INFO - Emails created for 3C: ngathoni@gmail.com
2023-09-19 17:17:41,927 - INFO - Names without special characters ['Nguthiru', 'Edwin', 'Ndiritu']
2023-09-19 17:17:41,927 - INFO - Emails created for 3C: nndiritu@gmail.com
2023-09-19 17:17:41,927 - INFO - Names without special characters ['Nyamosi', 'Edmond', 'Omwega']
2023-09-19 17:17:41,927 - INFO - Emails created for 3C: nomwega@gmail.com
2023-09-19 17:17:41,927 - INFO - Names without special characters ['Nyangor', 'Olive', 'Menorah']
2023-09-19 17:17:41,928 - INFO - Emails created for 3C: nmenorah@gmail.com
2023-09-19 17:17:41,928 - INFO - Names without special characters ['Omal', 'Warren']
2023-09-19 17:17:41,928 - INFO - Emails created for 3C: owarren@gmail.com
2023-09-19 17:17:41,928 - INFO - Names without special characters ['Omondi', 'Emmanuel', 'Neville']
2023-09-19 17:17:41,928 - INFO - Emails created for 3C: oneville@gmail.com
2023-09-19 17:17:41,928 - INFO - Names without special characters ['Omondi', 'Winfred', 'Achieng']
2023-09-19 17:17:41,928 - INFO - Emails created for 3C: oachieng@gmail.com
2023-09-19 17:17:41,928 - INFO - Names without special characters ['Otao', 'Davis', 'Mokora']
2023-09-19 17:17:41,928 - INFO - Emails created for 3C: omokora@gmail.com
2023-09-19 17:17:41,928 - INFO - Names without special characters ['Rintaugu', 'Mugambi', 'Nteere']
2023-09-19 17:17:41,928 - INFO - Emails created for 3C: rnteere@gmail.com
2023-09-19 17:17:41,928 - INFO - Names without special characters ['Rotich', 'Mercy', 'Chepngetich']
2023-09-19 17:17:41,928 - INFO - Emails created for 3C: rchepngetich@gmail.com
2023-09-19 17:17:41,928 - INFO - Names without special characters ['Sehmi', 'Singh', 'Jeevan']
2023-09-19 17:17:41,928 - INFO - Emails created for 3C: sjeevan@gmail.com
2023-09-19 17:17:41,928 - INFO - Names without special characters ['Vasani', 'Aman', 'Upinkumar']
2023-09-19 17:17:41,928 - INFO - Emails created for 3C: vupinkumar@gmail.com
2023-09-19 17:17:41,928 - INFO - Names without special characters ['Wafula', 'Gideon', 'Simiyu']
2023-09-19 17:17:41,928 - INFO - Emails created for 3C: wsimiyu@gmail.com
2023-09-19 17:17:41,928 - INFO - Names without special characters ['Wahu', 'Bridget', 'Makena']
2023-09-19 17:17:41,928 - INFO - Emails created for 3C: wmakena@gmail.com
2023-09-19 17:17:41,929 - INFO - Names without special characters ['Wango', 'Michael', 'Mundati']
2023-09-19 17:17:41,929 - INFO - Emails created for 3C: wmundati@gmail.com
2023-09-19 17:17:41,929 - INFO - Names without special characters ['Wangombe', 'Martin', 'Mwangi']
2023-09-19 17:17:41,929 - INFO - Emails created for 3C: wmwangi@gmail.com
2023-09-19 17:17:41,929 - INFO - Names without special characters ['Wanyonyi', 'Brian', 'Newton']
2023-09-19 17:17:41,929 - INFO - Emails created for 3C: wnewton@gmail.com
2023-09-19 17:17:41,929 - INFO - Names without special characters ['Wasike', 'Nicole', 'Jones', 'Nekesa']
2023-09-19 17:17:41,929 - INFO - Emails created for 3C: wnekesa@gmail.com
